CRITICAL - 2023-12-22 11:43:33 --> Undefined property: CodeIgniter\View\View::$session
in APPPATH\Views\Login.php on line 10.
 1 APPPATH\Views\Login.php(10): CodeIgniter\Debug\Exceptions->errorHandler(2, 'Undefined property: CodeIgniter\\View\\View::$session', 'C:\\laragon\\www\\FoodDelivery-Cv1\\app\\Views\\Login.php', 10)
 2 SYSTEMPATH\View\View.php(226): include('C:\\laragon\\www\\FoodDelivery-Cv1\\app\\Views\\Login.php')
 3 SYSTEMPATH\View\View.php(229): CodeIgniter\View\View->CodeIgniter\View\{closure}()
 4 SYSTEMPATH\Common.php(1188): CodeIgniter\View\View->render('Login', [], true)
 5 APPPATH\Controllers\LoginController.php(10): view('Login')
 6 SYSTEMPATH\CodeIgniter.php(919): App\Controllers\LoginController->index()
 7 SYSTEMPATH\CodeIgniter.php(494): CodeIgniter\CodeIgniter->runController(Object(App\Controllers\LoginController))
 8 SYSTEMPATH\CodeIgniter.php(353): CodeIgniter\CodeIgniter->handleRequest(null, Object(Config\Cache), false)
 9 FCPATH\index.php(79): CodeIgniter\CodeIgniter->run()
10 SYSTEMPATH\Commands\Server\rewrite.php(47): require_once('C:\\laragon\\www\\FoodDelivery-Cv1\\public\\index.php')
CRITICAL - 2023-12-22 11:43:48 --> Undefined property: CodeIgniter\View\View::$session
in APPPATH\Views\Login.php on line 10.
 1 APPPATH\Views\Login.php(10): CodeIgniter\Debug\Exceptions->errorHandler(2, 'Undefined property: CodeIgniter\\View\\View::$session', 'C:\\laragon\\www\\FoodDelivery-Cv1\\app\\Views\\Login.php', 10)
 2 SYSTEMPATH\View\View.php(226): include('C:\\laragon\\www\\FoodDelivery-Cv1\\app\\Views\\Login.php')
 3 SYSTEMPATH\View\View.php(229): CodeIgniter\View\View->CodeIgniter\View\{closure}()
 4 SYSTEMPATH\Common.php(1188): CodeIgniter\View\View->render('Login', [], true)
 5 APPPATH\Controllers\LoginController.php(10): view('Login')
 6 SYSTEMPATH\CodeIgniter.php(919): App\Controllers\LoginController->index()
 7 SYSTEMPATH\CodeIgniter.php(494): CodeIgniter\CodeIgniter->runController(Object(App\Controllers\LoginController))
 8 SYSTEMPATH\CodeIgniter.php(353): CodeIgniter\CodeIgniter->handleRequest(null, Object(Config\Cache), false)
 9 FCPATH\index.php(79): CodeIgniter\CodeIgniter->run()
10 SYSTEMPATH\Commands\Server\rewrite.php(47): require_once('C:\\laragon\\www\\FoodDelivery-Cv1\\public\\index.php')
CRITICAL - 2023-12-22 11:51:39 --> Undefined property: CodeIgniter\View\View::$session
in APPPATH\Views\Login.php on line 11.
 1 APPPATH\Views\Login.php(11): CodeIgniter\Debug\Exceptions->errorHandler(2, 'Undefined property: CodeIgniter\\View\\View::$session', 'C:\\laragon\\www\\FoodDelivery-Cv1\\app\\Views\\Login.php', 11)
 2 SYSTEMPATH\View\View.php(226): include('C:\\laragon\\www\\FoodDelivery-Cv1\\app\\Views\\Login.php')
 3 SYSTEMPATH\View\View.php(229): CodeIgniter\View\View->CodeIgniter\View\{closure}()
 4 SYSTEMPATH\Common.php(1188): CodeIgniter\View\View->render('Login', [], true)
 5 APPPATH\Controllers\LoginController.php(12): view('Login')
 6 SYSTEMPATH\CodeIgniter.php(919): App\Controllers\LoginController->index()
 7 SYSTEMPATH\CodeIgniter.php(494): CodeIgniter\CodeIgniter->runController(Object(App\Controllers\LoginController))
 8 SYSTEMPATH\CodeIgniter.php(353): CodeIgniter\CodeIgniter->handleRequest(null, Object(Config\Cache), false)
 9 FCPATH\index.php(79): CodeIgniter\CodeIgniter->run()
10 SYSTEMPATH\Commands\Server\rewrite.php(47): require_once('C:\\laragon\\www\\FoodDelivery-Cv1\\public\\index.php')
CRITICAL - 2023-12-22 11:51:40 --> Undefined property: CodeIgniter\View\View::$session
in APPPATH\Views\Login.php on line 11.
 1 APPPATH\Views\Login.php(11): CodeIgniter\Debug\Exceptions->errorHandler(2, 'Undefined property: CodeIgniter\\View\\View::$session', 'C:\\laragon\\www\\FoodDelivery-Cv1\\app\\Views\\Login.php', 11)
 2 SYSTEMPATH\View\View.php(226): include('C:\\laragon\\www\\FoodDelivery-Cv1\\app\\Views\\Login.php')
 3 SYSTEMPATH\View\View.php(229): CodeIgniter\View\View->CodeIgniter\View\{closure}()
 4 SYSTEMPATH\Common.php(1188): CodeIgniter\View\View->render('Login', [], true)
 5 APPPATH\Controllers\LoginController.php(12): view('Login')
 6 SYSTEMPATH\CodeIgniter.php(919): App\Controllers\LoginController->index()
 7 SYSTEMPATH\CodeIgniter.php(494): CodeIgniter\CodeIgniter->runController(Object(App\Controllers\LoginController))
 8 SYSTEMPATH\CodeIgniter.php(353): CodeIgniter\CodeIgniter->handleRequest(null, Object(Config\Cache), false)
 9 FCPATH\index.php(79): CodeIgniter\CodeIgniter->run()
10 SYSTEMPATH\Commands\Server\rewrite.php(47): require_once('C:\\laragon\\www\\FoodDelivery-Cv1\\public\\index.php')
CRITICAL - 2023-12-22 13:00:57 --> Invalid file: "your_view.php"
in SYSTEMPATH\Exceptions\FrameworkException.php on line 39.
 1 SYSTEMPATH\View\View.php(214): CodeIgniter\Exceptions\FrameworkException::forInvalidFile('your_view.php')
 2 SYSTEMPATH\Common.php(1188): CodeIgniter\View\View->render('your_view', [], true)
 3 APPPATH\Controllers\LoginController.php(25): view('your_view', [...])
 4 SYSTEMPATH\CodeIgniter.php(919): App\Controllers\LoginController->index()
 5 SYSTEMPATH\CodeIgniter.php(494): CodeIgniter\CodeIgniter->runController(Object(App\Controllers\LoginController))
 6 SYSTEMPATH\CodeIgniter.php(353): CodeIgniter\CodeIgniter->handleRequest(null, Object(Config\Cache), false)
 7 FCPATH\index.php(79): CodeIgniter\CodeIgniter->run()
 8 SYSTEMPATH\Commands\Server\rewrite.php(47): require_once('C:\\laragon\\www\\FoodDelivery-Cv1\\public\\index.php')
CRITICAL - 2023-12-22 13:01:18 --> "requiredmin_length" is not a valid rule.
in SYSTEMPATH\Validation\Validation.php on line 317.
 1 SYSTEMPATH\Validation\Validation.php(317): CodeIgniter\Validation\Exceptions\ValidationException::forRuleNotFound('requiredmin_length')
 2 SYSTEMPATH\Validation\Validation.php(195): CodeIgniter\Validation\Validation->processRules('username', 'username', null, [...], [...])
 3 APPPATH\Controllers\LoginController.php(20): CodeIgniter\Validation\Validation->run()
 4 SYSTEMPATH\CodeIgniter.php(919): App\Controllers\LoginController->index()
 5 SYSTEMPATH\CodeIgniter.php(494): CodeIgniter\CodeIgniter->runController(Object(App\Controllers\LoginController))
 6 SYSTEMPATH\CodeIgniter.php(353): CodeIgniter\CodeIgniter->handleRequest(null, Object(Config\Cache), false)
 7 FCPATH\index.php(79): CodeIgniter\CodeIgniter->run()
 8 SYSTEMPATH\Commands\Server\rewrite.php(47): require_once('C:\\laragon\\www\\FoodDelivery-Cv1\\public\\index.php')
CRITICAL - 2023-12-22 13:01:30 --> Invalid file: "your_view.php"
in SYSTEMPATH\Exceptions\FrameworkException.php on line 39.
 1 SYSTEMPATH\View\View.php(214): CodeIgniter\Exceptions\FrameworkException::forInvalidFile('your_view.php')
 2 SYSTEMPATH\Common.php(1188): CodeIgniter\View\View->render('your_view', [], true)
 3 APPPATH\Controllers\LoginController.php(25): view('your_view', [...])
 4 SYSTEMPATH\CodeIgniter.php(919): App\Controllers\LoginController->index()
 5 SYSTEMPATH\CodeIgniter.php(494): CodeIgniter\CodeIgniter->runController(Object(App\Controllers\LoginController))
 6 SYSTEMPATH\CodeIgniter.php(353): CodeIgniter\CodeIgniter->handleRequest(null, Object(Config\Cache), false)
 7 FCPATH\index.php(79): CodeIgniter\CodeIgniter->run()
 8 SYSTEMPATH\Commands\Server\rewrite.php(47): require_once('C:\\laragon\\www\\FoodDelivery-Cv1\\public\\index.php')
CRITICAL - 2023-12-22 13:01:44 --> Invalid file: "your_view.php"
in SYSTEMPATH\Exceptions\FrameworkException.php on line 39.
 1 SYSTEMPATH\View\View.php(214): CodeIgniter\Exceptions\FrameworkException::forInvalidFile('your_view.php')
 2 SYSTEMPATH\Common.php(1188): CodeIgniter\View\View->render('your_view', [], true)
 3 APPPATH\Controllers\LoginController.php(26): view('your_view', [...])
 4 SYSTEMPATH\CodeIgniter.php(919): App\Controllers\LoginController->index()
 5 SYSTEMPATH\CodeIgniter.php(494): CodeIgniter\CodeIgniter->runController(Object(App\Controllers\LoginController))
 6 SYSTEMPATH\CodeIgniter.php(353): CodeIgniter\CodeIgniter->handleRequest(null, Object(Config\Cache), false)
 7 FCPATH\index.php(79): CodeIgniter\CodeIgniter->run()
 8 SYSTEMPATH\Commands\Server\rewrite.php(47): require_once('C:\\laragon\\www\\FoodDelivery-Cv1\\public\\index.php')
CRITICAL - 2023-12-22 15:59:25 --> Unmatched '}'
in APPPATH\Controllers\LoginController.php on line 36.
 1 SYSTEMPATH\Autoloader\Autoloader.php(285): CodeIgniter\Autoloader\Autoloader->includeFile('C:\\laragon\\www\\FoodDelivery-Cv1\\app\\Controllers\\LoginController.php')
 2 SYSTEMPATH\Autoloader\Autoloader.php(263): CodeIgniter\Autoloader\Autoloader->loadInNamespace('App\\Controllers\\LoginController')
 3 [internal function]: CodeIgniter\Autoloader\Autoloader->loadClass('App\\Controllers\\LoginController')
 4 SYSTEMPATH\CodeIgniter.php(877): class_exists('\\App\\Controllers\\LoginController', true)
 5 SYSTEMPATH\CodeIgniter.php(481): CodeIgniter\CodeIgniter->startController()
 6 SYSTEMPATH\CodeIgniter.php(353): CodeIgniter\CodeIgniter->handleRequest(null, Object(Config\Cache), false)
 7 FCPATH\index.php(79): CodeIgniter\CodeIgniter->run()
 8 SYSTEMPATH\Commands\Server\rewrite.php(47): require_once('C:\\laragon\\www\\FoodDelivery-Cv1\\public\\index.php')
ERROR - 2023-12-22 17:26:13 --> mysqli_sql_exception: Table 'fooddeliveryv1.users' doesn't exist in C:\laragon\www\FoodDelivery-Cv1\system\Database\MySQLi\Connection.php:306
Stack trace:
#0 C:\laragon\www\FoodDelivery-Cv1\system\Database\MySQLi\Connection.php(306): mysqli->query('SELECT *\nFROM `...', 0)
#1 C:\laragon\www\FoodDelivery-Cv1\system\Database\BaseConnection.php(692): CodeIgniter\Database\MySQLi\Connection->execute('SELECT *\nFROM `...')
#2 C:\laragon\www\FoodDelivery-Cv1\system\Database\BaseConnection.php(606): CodeIgniter\Database\BaseConnection->simpleQuery('SELECT *\nFROM `...')
#3 C:\laragon\www\FoodDelivery-Cv1\system\Database\BaseBuilder.php(1615): CodeIgniter\Database\BaseConnection->query('SELECT *\nFROM `...', Array, false)
#4 C:\laragon\www\FoodDelivery-Cv1\system\Model.php(264): CodeIgniter\Database\BaseBuilder->get()
#5 C:\laragon\www\FoodDelivery-Cv1\system\BaseModel.php(662): CodeIgniter\Model->doFirst()
#6 C:\laragon\www\FoodDelivery-Cv1\app\Models\UserModel.php(44): CodeIgniter\BaseModel->first()
#7 C:\laragon\www\FoodDelivery-Cv1\app\Controllers\LoginController.php(27): App\Models\UserModel->getUserByUsername('mikoabaja54@gma...')
#8 C:\laragon\www\FoodDelivery-Cv1\system\CodeIgniter.php(919): App\Controllers\LoginController->loginVerify()
#9 C:\laragon\www\FoodDelivery-Cv1\system\CodeIgniter.php(494): CodeIgniter\CodeIgniter->runController(Object(App\Controllers\LoginController))
#10 C:\laragon\www\FoodDelivery-Cv1\system\CodeIgniter.php(353): CodeIgniter\CodeIgniter->handleRequest(NULL, Object(Config\Cache), false)
#11 C:\laragon\www\FoodDelivery-Cv1\public\index.php(79): CodeIgniter\CodeIgniter->run()
#12 C:\laragon\www\FoodDelivery-Cv1\system\Commands\Server\rewrite.php(47): require_once('C:\\laragon\\www\\...')
#13 {main}
CRITICAL - 2023-12-22 17:26:13 --> Table 'fooddeliveryv1.users' doesn't exist
in SYSTEMPATH\Database\BaseConnection.php on line 646.
 1 SYSTEMPATH\Database\BaseBuilder.php(1615): CodeIgniter\Database\BaseConnection->query('SELECT *
FROM `users`
WHERE `username` = :username:
 LIMIT 1', [...], false)
 2 SYSTEMPATH\Model.php(264): CodeIgniter\Database\BaseBuilder->get()
 3 SYSTEMPATH\BaseModel.php(662): CodeIgniter\Model->doFirst()
 4 APPPATH\Models\UserModel.php(44): CodeIgniter\BaseModel->first()
 5 APPPATH\Controllers\LoginController.php(27): App\Models\UserModel->getUserByUsername('mikoabaja54@gmail.com')
 6 SYSTEMPATH\CodeIgniter.php(919): App\Controllers\LoginController->loginVerify()
 7 SYSTEMPATH\CodeIgniter.php(494): CodeIgniter\CodeIgniter->runController(Object(App\Controllers\LoginController))
 8 SYSTEMPATH\CodeIgniter.php(353): CodeIgniter\CodeIgniter->handleRequest(null, Object(Config\Cache), false)
 9 FCPATH\index.php(79): CodeIgniter\CodeIgniter->run()
10 SYSTEMPATH\Commands\Server\rewrite.php(47): require_once('C:\\laragon\\www\\FoodDelivery-Cv1\\public\\index.php')
ERROR - 2023-12-22 17:27:02 --> mysqli_sql_exception: Table 'fooddeliveryv1.users' doesn't exist in C:\laragon\www\FoodDelivery-Cv1\system\Database\MySQLi\Connection.php:306
Stack trace:
#0 C:\laragon\www\FoodDelivery-Cv1\system\Database\MySQLi\Connection.php(306): mysqli->query('SELECT *\nFROM `...', 0)
#1 C:\laragon\www\FoodDelivery-Cv1\system\Database\BaseConnection.php(692): CodeIgniter\Database\MySQLi\Connection->execute('SELECT *\nFROM `...')
#2 C:\laragon\www\FoodDelivery-Cv1\system\Database\BaseConnection.php(606): CodeIgniter\Database\BaseConnection->simpleQuery('SELECT *\nFROM `...')
#3 C:\laragon\www\FoodDelivery-Cv1\system\Database\BaseBuilder.php(1615): CodeIgniter\Database\BaseConnection->query('SELECT *\nFROM `...', Array, false)
#4 C:\laragon\www\FoodDelivery-Cv1\system\Model.php(264): CodeIgniter\Database\BaseBuilder->get()
#5 C:\laragon\www\FoodDelivery-Cv1\system\BaseModel.php(662): CodeIgniter\Model->doFirst()
#6 C:\laragon\www\FoodDelivery-Cv1\app\Models\UserModel.php(44): CodeIgniter\BaseModel->first()
#7 C:\laragon\www\FoodDelivery-Cv1\app\Controllers\LoginController.php(27): App\Models\UserModel->getUserByUsername('NROLP')
#8 C:\laragon\www\FoodDelivery-Cv1\system\CodeIgniter.php(919): App\Controllers\LoginController->loginVerify()
#9 C:\laragon\www\FoodDelivery-Cv1\system\CodeIgniter.php(494): CodeIgniter\CodeIgniter->runController(Object(App\Controllers\LoginController))
#10 C:\laragon\www\FoodDelivery-Cv1\system\CodeIgniter.php(353): CodeIgniter\CodeIgniter->handleRequest(NULL, Object(Config\Cache), false)
#11 C:\laragon\www\FoodDelivery-Cv1\public\index.php(79): CodeIgniter\CodeIgniter->run()
#12 C:\laragon\www\FoodDelivery-Cv1\system\Commands\Server\rewrite.php(47): require_once('C:\\laragon\\www\\...')
#13 {main}
CRITICAL - 2023-12-22 17:27:02 --> Table 'fooddeliveryv1.users' doesn't exist
in SYSTEMPATH\Database\BaseConnection.php on line 646.
 1 SYSTEMPATH\Database\BaseBuilder.php(1615): CodeIgniter\Database\BaseConnection->query('SELECT *
FROM `users`
WHERE `username` = :username:
 LIMIT 1', [...], false)
 2 SYSTEMPATH\Model.php(264): CodeIgniter\Database\BaseBuilder->get()
 3 SYSTEMPATH\BaseModel.php(662): CodeIgniter\Model->doFirst()
 4 APPPATH\Models\UserModel.php(44): CodeIgniter\BaseModel->first()
 5 APPPATH\Controllers\LoginController.php(27): App\Models\UserModel->getUserByUsername('NROLP')
 6 SYSTEMPATH\CodeIgniter.php(919): App\Controllers\LoginController->loginVerify()
 7 SYSTEMPATH\CodeIgniter.php(494): CodeIgniter\CodeIgniter->runController(Object(App\Controllers\LoginController))
 8 SYSTEMPATH\CodeIgniter.php(353): CodeIgniter\CodeIgniter->handleRequest(null, Object(Config\Cache), false)
 9 FCPATH\index.php(79): CodeIgniter\CodeIgniter->run()
10 SYSTEMPATH\Commands\Server\rewrite.php(47): require_once('C:\\laragon\\www\\FoodDelivery-Cv1\\public\\index.php')
CRITICAL - 2023-12-22 18:33:26 --> Undefined variable $delay
in APPPATH\Views\register_page.php on line 37.
 1 APPPATH\Views\register_page.php(37): CodeIgniter\Debug\Exceptions->errorHandler(2, 'Undefined variable $delay', 'C:\\laragon\\www\\FoodDelivery-Cv1\\app\\Views\\register_page.php', 37)
 2 SYSTEMPATH\View\View.php(226): include('C:\\laragon\\www\\FoodDelivery-Cv1\\app\\Views\\register_page.php')
 3 SYSTEMPATH\View\View.php(229): CodeIgniter\View\View->CodeIgniter\View\{closure}()
 4 SYSTEMPATH\Common.php(1188): CodeIgniter\View\View->render('register_page', [], true)
 5 APPPATH\Controllers\LoginController.php(38): view('register_page')
 6 SYSTEMPATH\CodeIgniter.php(919): App\Controllers\LoginController->register()
 7 SYSTEMPATH\CodeIgniter.php(494): CodeIgniter\CodeIgniter->runController(Object(App\Controllers\LoginController))
 8 SYSTEMPATH\CodeIgniter.php(353): CodeIgniter\CodeIgniter->handleRequest(null, Object(Config\Cache), false)
 9 FCPATH\index.php(79): CodeIgniter\CodeIgniter->run()
10 SYSTEMPATH\Commands\Server\rewrite.php(47): require_once('C:\\laragon\\www\\FoodDelivery-Cv1\\public\\index.php')
CRITICAL - 2023-12-22 18:34:16 --> Undefined variable $delay
in APPPATH\Views\register_page.php on line 37.
 1 APPPATH\Views\register_page.php(37): CodeIgniter\Debug\Exceptions->errorHandler(2, 'Undefined variable $delay', 'C:\\laragon\\www\\FoodDelivery-Cv1\\app\\Views\\register_page.php', 37)
 2 SYSTEMPATH\View\View.php(226): include('C:\\laragon\\www\\FoodDelivery-Cv1\\app\\Views\\register_page.php')
 3 SYSTEMPATH\View\View.php(229): CodeIgniter\View\View->CodeIgniter\View\{closure}()
 4 SYSTEMPATH\Common.php(1188): CodeIgniter\View\View->render('register_page', [], true)
 5 APPPATH\Controllers\LoginController.php(38): view('register_page')
 6 SYSTEMPATH\CodeIgniter.php(919): App\Controllers\LoginController->register()
 7 SYSTEMPATH\CodeIgniter.php(494): CodeIgniter\CodeIgniter->runController(Object(App\Controllers\LoginController))
 8 SYSTEMPATH\CodeIgniter.php(353): CodeIgniter\CodeIgniter->handleRequest(null, Object(Config\Cache), false)
 9 FCPATH\index.php(79): CodeIgniter\CodeIgniter->run()
10 SYSTEMPATH\Commands\Server\rewrite.php(47): require_once('C:\\laragon\\www\\FoodDelivery-Cv1\\public\\index.php')
CRITICAL - 2023-12-22 18:34:17 --> Undefined variable $delay
in APPPATH\Views\register_page.php on line 37.
 1 APPPATH\Views\register_page.php(37): CodeIgniter\Debug\Exceptions->errorHandler(2, 'Undefined variable $delay', 'C:\\laragon\\www\\FoodDelivery-Cv1\\app\\Views\\register_page.php', 37)
 2 SYSTEMPATH\View\View.php(226): include('C:\\laragon\\www\\FoodDelivery-Cv1\\app\\Views\\register_page.php')
 3 SYSTEMPATH\View\View.php(229): CodeIgniter\View\View->CodeIgniter\View\{closure}()
 4 SYSTEMPATH\Common.php(1188): CodeIgniter\View\View->render('register_page', [], true)
 5 APPPATH\Controllers\LoginController.php(38): view('register_page')
 6 SYSTEMPATH\CodeIgniter.php(919): App\Controllers\LoginController->register()
 7 SYSTEMPATH\CodeIgniter.php(494): CodeIgniter\CodeIgniter->runController(Object(App\Controllers\LoginController))
 8 SYSTEMPATH\CodeIgniter.php(353): CodeIgniter\CodeIgniter->handleRequest(null, Object(Config\Cache), false)
 9 FCPATH\index.php(79): CodeIgniter\CodeIgniter->run()
10 SYSTEMPATH\Commands\Server\rewrite.php(47): require_once('C:\\laragon\\www\\FoodDelivery-Cv1\\public\\index.php')
CRITICAL - 2023-12-22 18:34:17 --> Undefined variable $delay
in APPPATH\Views\register_page.php on line 37.
 1 APPPATH\Views\register_page.php(37): CodeIgniter\Debug\Exceptions->errorHandler(2, 'Undefined variable $delay', 'C:\\laragon\\www\\FoodDelivery-Cv1\\app\\Views\\register_page.php', 37)
 2 SYSTEMPATH\View\View.php(226): include('C:\\laragon\\www\\FoodDelivery-Cv1\\app\\Views\\register_page.php')
 3 SYSTEMPATH\View\View.php(229): CodeIgniter\View\View->CodeIgniter\View\{closure}()
 4 SYSTEMPATH\Common.php(1188): CodeIgniter\View\View->render('register_page', [], true)
 5 APPPATH\Controllers\LoginController.php(38): view('register_page')
 6 SYSTEMPATH\CodeIgniter.php(919): App\Controllers\LoginController->register()
 7 SYSTEMPATH\CodeIgniter.php(494): CodeIgniter\CodeIgniter->runController(Object(App\Controllers\LoginController))
 8 SYSTEMPATH\CodeIgniter.php(353): CodeIgniter\CodeIgniter->handleRequest(null, Object(Config\Cache), false)
 9 FCPATH\index.php(79): CodeIgniter\CodeIgniter->run()
10 SYSTEMPATH\Commands\Server\rewrite.php(47): require_once('C:\\laragon\\www\\FoodDelivery-Cv1\\public\\index.php')
CRITICAL - 2023-12-22 18:35:30 --> Undefined variable $delay
in APPPATH\Views\register_page.php on line 37.
 1 APPPATH\Views\register_page.php(37): CodeIgniter\Debug\Exceptions->errorHandler(2, 'Undefined variable $delay', 'C:\\laragon\\www\\FoodDelivery-Cv1\\app\\Views\\register_page.php', 37)
 2 SYSTEMPATH\View\View.php(226): include('C:\\laragon\\www\\FoodDelivery-Cv1\\app\\Views\\register_page.php')
 3 SYSTEMPATH\View\View.php(229): CodeIgniter\View\View->CodeIgniter\View\{closure}()
 4 SYSTEMPATH\Common.php(1188): CodeIgniter\View\View->render('register_page', [], true)
 5 APPPATH\Controllers\LoginController.php(38): view('register_page')
 6 SYSTEMPATH\CodeIgniter.php(919): App\Controllers\LoginController->register()
 7 SYSTEMPATH\CodeIgniter.php(494): CodeIgniter\CodeIgniter->runController(Object(App\Controllers\LoginController))
 8 SYSTEMPATH\CodeIgniter.php(353): CodeIgniter\CodeIgniter->handleRequest(null, Object(Config\Cache), false)
 9 FCPATH\index.php(79): CodeIgniter\CodeIgniter->run()
10 SYSTEMPATH\Commands\Server\rewrite.php(47): require_once('C:\\laragon\\www\\FoodDelivery-Cv1\\public\\index.php')
CRITICAL - 2023-12-22 18:35:31 --> Undefined variable $delay
in APPPATH\Views\register_page.php on line 37.
 1 APPPATH\Views\register_page.php(37): CodeIgniter\Debug\Exceptions->errorHandler(2, 'Undefined variable $delay', 'C:\\laragon\\www\\FoodDelivery-Cv1\\app\\Views\\register_page.php', 37)
 2 SYSTEMPATH\View\View.php(226): include('C:\\laragon\\www\\FoodDelivery-Cv1\\app\\Views\\register_page.php')
 3 SYSTEMPATH\View\View.php(229): CodeIgniter\View\View->CodeIgniter\View\{closure}()
 4 SYSTEMPATH\Common.php(1188): CodeIgniter\View\View->render('register_page', [], true)
 5 APPPATH\Controllers\LoginController.php(38): view('register_page')
 6 SYSTEMPATH\CodeIgniter.php(919): App\Controllers\LoginController->register()
 7 SYSTEMPATH\CodeIgniter.php(494): CodeIgniter\CodeIgniter->runController(Object(App\Controllers\LoginController))
 8 SYSTEMPATH\CodeIgniter.php(353): CodeIgniter\CodeIgniter->handleRequest(null, Object(Config\Cache), false)
 9 FCPATH\index.php(79): CodeIgniter\CodeIgniter->run()
10 SYSTEMPATH\Commands\Server\rewrite.php(47): require_once('C:\\laragon\\www\\FoodDelivery-Cv1\\public\\index.php')
CRITICAL - 2023-12-22 18:35:31 --> Undefined variable $delay
in APPPATH\Views\register_page.php on line 37.
 1 APPPATH\Views\register_page.php(37): CodeIgniter\Debug\Exceptions->errorHandler(2, 'Undefined variable $delay', 'C:\\laragon\\www\\FoodDelivery-Cv1\\app\\Views\\register_page.php', 37)
 2 SYSTEMPATH\View\View.php(226): include('C:\\laragon\\www\\FoodDelivery-Cv1\\app\\Views\\register_page.php')
 3 SYSTEMPATH\View\View.php(229): CodeIgniter\View\View->CodeIgniter\View\{closure}()
 4 SYSTEMPATH\Common.php(1188): CodeIgniter\View\View->render('register_page', [], true)
 5 APPPATH\Controllers\LoginController.php(38): view('register_page')
 6 SYSTEMPATH\CodeIgniter.php(919): App\Controllers\LoginController->register()
 7 SYSTEMPATH\CodeIgniter.php(494): CodeIgniter\CodeIgniter->runController(Object(App\Controllers\LoginController))
 8 SYSTEMPATH\CodeIgniter.php(353): CodeIgniter\CodeIgniter->handleRequest(null, Object(Config\Cache), false)
 9 FCPATH\index.php(79): CodeIgniter\CodeIgniter->run()
10 SYSTEMPATH\Commands\Server\rewrite.php(47): require_once('C:\\laragon\\www\\FoodDelivery-Cv1\\public\\index.php')
CRITICAL - 2023-12-22 18:39:24 --> Invalid file: "login_view.php"
in SYSTEMPATH\Exceptions\FrameworkException.php on line 39.
 1 SYSTEMPATH\View\View.php(214): CodeIgniter\Exceptions\FrameworkException::forInvalidFile('login_view.php')
 2 SYSTEMPATH\Common.php(1188): CodeIgniter\View\View->render('login_view', [], true)
 3 APPPATH\Controllers\LoginController.php(61): view('login_view', [...])
 4 SYSTEMPATH\CodeIgniter.php(919): App\Controllers\LoginController->registerStep()
 5 SYSTEMPATH\CodeIgniter.php(494): CodeIgniter\CodeIgniter->runController(Object(App\Controllers\LoginController))
 6 SYSTEMPATH\CodeIgniter.php(353): CodeIgniter\CodeIgniter->handleRequest(null, Object(Config\Cache), false)
 7 FCPATH\index.php(79): CodeIgniter\CodeIgniter->run()
 8 SYSTEMPATH\Commands\Server\rewrite.php(47): require_once('C:\\laragon\\www\\FoodDelivery-Cv1\\public\\index.php')
CRITICAL - 2023-12-22 18:39:46 --> Invalid file: "index.php"
in SYSTEMPATH\Exceptions\FrameworkException.php on line 39.
 1 SYSTEMPATH\View\View.php(214): CodeIgniter\Exceptions\FrameworkException::forInvalidFile('index.php')
 2 SYSTEMPATH\Common.php(1188): CodeIgniter\View\View->render('index', [], true)
 3 APPPATH\Controllers\LoginController.php(61): view('index', [...])
 4 SYSTEMPATH\CodeIgniter.php(919): App\Controllers\LoginController->registerStep()
 5 SYSTEMPATH\CodeIgniter.php(494): CodeIgniter\CodeIgniter->runController(Object(App\Controllers\LoginController))
 6 SYSTEMPATH\CodeIgniter.php(353): CodeIgniter\CodeIgniter->handleRequest(null, Object(Config\Cache), false)
 7 FCPATH\index.php(79): CodeIgniter\CodeIgniter->run()
 8 SYSTEMPATH\Commands\Server\rewrite.php(47): require_once('C:\\laragon\\www\\FoodDelivery-Cv1\\public\\index.php')
